[debug] [2025-04-22T07:49:20.317Z] ----------------------------------------------------------------------
[debug] [2025-04-22T07:49:20.319Z] Command:       C:\Program Files\nodejs\node.exe C:\Users\User\Desktop\CEDT\University Work\SE\Firebases\225-github-actions-demo\node_modules\firebase-tools\lib\bin\firebase.js init hosting
[debug] [2025-04-22T07:49:20.319Z] CLI Version:   14.2.0
[debug] [2025-04-22T07:49:20.319Z] Platform:      win32
[debug] [2025-04-22T07:49:20.319Z] Node Version:  v22.10.0
[debug] [2025-04-22T07:49:20.320Z] Time:          Tue Apr 22 2025 14:49:20 GMT+0700 (Indochina Time)
[debug] [2025-04-22T07:49:20.320Z] ----------------------------------------------------------------------
[debug] 
[debug] [2025-04-22T07:49:20.471Z] > command requires scopes: ["email","openid","https://www.googleapis.com/auth/cloudplatformprojects.readonly","https://www.googleapis.com/auth/firebase","https://www.googleapis.com/auth/cloud-platform"]
[debug] [2025-04-22T07:49:20.473Z] > authorizing via signed-in user (phroggothesecond@gmail.com)
[info] 
     ######## #### ########  ######## ########     ###     ######  ########
     ##        ##  ##     ## ##       ##     ##  ##   ##  ##       ##
     ######    ##  ########  ######   ########  #########  ######  ######
     ##        ##  ##    ##  ##       ##     ## ##     ##       ## ##
     ##       #### ##     ## ######## ########  ##     ##  ######  ########

You're about to initialize a Firebase project in this directory:

  C:\Users\User\Desktop\CEDT\University Work\SE\Firebases\225-github-actions-demo

Before we get started, keep in mind:

  * You are initializing within an existing Firebase project directory

[info] 
=== Project Setup
[info] 
[info] First, let's associate this project directory with a Firebase project.
[info] You can create multiple project aliases by running firebase use --add, 
[info] but for now we'll just set up a default project.
[info] 
[debug] [2025-04-22T07:49:22.515Z] Using project from CLI flag: fireship-lessons
[debug] [2025-04-22T07:49:22.515Z] Checked if tokens are valid: true, expires at: 1745311101645
[debug] [2025-04-22T07:49:22.515Z] Checked if tokens are valid: true, expires at: 1745311101645
[debug] [2025-04-22T07:49:22.516Z] >>> [apiv2][query] GET https://firebase.googleapis.com/v1beta1/projects/fireship-lessons [none]
[debug] [2025-04-22T07:49:23.295Z] <<< [apiv2][status] GET https://firebase.googleapis.com/v1beta1/projects/fireship-lessons 403
[debug] [2025-04-22T07:49:23.295Z] <<< [apiv2][body] GET https://firebase.googleapis.com/v1beta1/projects/fireship-lessons {"error":{"code":403,"message":"The caller does not have permission","status":"PERMISSION_DENIED"}}
[debug] [2025-04-22T07:49:23.296Z] Request to https://firebase.googleapis.com/v1beta1/projects/fireship-lessons had HTTP Error: 403, The caller does not have permission
[debug] [2025-04-22T07:49:23.636Z] FirebaseError: Request to https://firebase.googleapis.com/v1beta1/projects/fireship-lessons had HTTP Error: 403, The caller does not have permission
    at responseToError (C:\Users\User\Desktop\CEDT\University Work\SE\Firebases\225-github-actions-demo\node_modules\firebase-tools\lib\responseToError.js:52:12)
    at RetryOperation._fn (C:\Users\User\Desktop\CEDT\University Work\SE\Firebases\225-github-actions-demo\node_modules\firebase-tools\lib\apiv2.js:312:77)
    at process.processTicksAndRejections (node:internal/process/task_queues:105:5)
[error] 
[error] Error: Failed to get Firebase project fireship-lessons. Please make sure the project exists and your account has permission to access it.
